Configuring matrix-0.3.5.0...
Building matrix-0.3.5.0...
Preprocessing library matrix-0.3.5.0...
[1 of 1] Compiling Data.Matrix      ( Data/Matrix.hs, .stack-work/dist/x86_64-osx/Cabal-1.22.5.0/build/Data/Matrix.o )

Data/Matrix.hs:77:1: Warning:
    The import of ‘Foldable, foldMap’
    from module ‘Data.Foldable’ is redundant

Data/Matrix.hs:80:1: Warning:
    The import of ‘Data.Traversable’ is redundant
      except perhaps to import instances from ‘Data.Traversable’
    To import instances alone, use: import Data.Traversable()

Data/Matrix.hs:81:1: Warning:
    The import of ‘Control.Applicative’ is redundant
      except perhaps to import instances from ‘Control.Applicative’
    To import instances alone, use: import Control.Applicative()

Data/Matrix.hs:88:1: Warning:
    The import of ‘Data.Maybe’ is redundant
      except perhaps to import instances from ‘Data.Maybe’
    To import instances alone, use: import Data.Maybe()

Data/Matrix.hs:1323:1: Warning:
    Rule "matrix/traceOfSum" may never fire
      because ‘trace’ might inline first
    Probable fix: add an INLINE[n] or NOINLINE[n] pragma on ‘trace’

Data/Matrix.hs:1326:1: Warning:
    Rule "matrix/traceOfScale" may never fire
      because ‘trace’ might inline first
    Probable fix: add an INLINE[n] or NOINLINE[n] pragma on ‘trace’

Data/Matrix.hs:1351:1: Warning:
    Rule "matrix/detLaplaceProduct" may never fire
      because ‘detLaplace’ might inline first
    Probable fix: add an INLINE[n] or NOINLINE[n] pragma on ‘detLaplace’

Data/Matrix.hs:1354:1: Warning:
    Rule "matrix/detLUProduct" may never fire
      because ‘detLU’ might inline first
    Probable fix: add an INLINE[n] or NOINLINE[n] pragma on ‘detLU’
In-place registering matrix-0.3.5.0...
Installing library in
/Users/dangitstam/.stack/snapshots/x86_64-osx/lts-6.10/7.10.3/lib/x86_64-osx-ghc-7.10.3/matrix-0.3.5.0-87lu5PzzZxmGIKY6pKIrX1
Registering matrix-0.3.5.0...
